
Showing logs for build [32mcb-kubecd-environment-pr-198-42-b59db-1[0m stage [32mfrom-build-pack[0m and container [32mstep-credential-initializer-5td2n[0m
{"level":"warn","ts":1586525226.9193776,"logger":"fallback-logger","caller":"logging/config.go:69","msg":"Fetch GitHub commit ID from kodata failed: \"ref: refs/heads/0.8.0-**-support-backwards-incompats\" is not a valid GitHub commit ID"}
{"level":"info","ts":1586525226.9198656,"logger":"fallback-logger","caller":"creds-init/main.go:40","msg":"Credentials initialized."}

Showing logs for build [32mcb-kubecd-environment-pr-198-42-b59db-1[0m stage [32mfrom-build-pack[0m and container [32mstep-working-dir-initializer-czv9b[0m
{"level":"warn","ts":1586525228.45736,"logger":"fallback-logger","caller":"logging/config.go:69","msg":"Fetch GitHub commit ID from kodata failed: open /var/run/ko/HEAD: no such file or directory"}
{"level":"info","ts":1586525228.458516,"logger":"fallback-logger","caller":"bash/main.go:64","msg":"Successfully executed command \"sh -c mkdir -p /workspace/source\"; output "}

Showing logs for build [32mcb-kubecd-environment-pr-198-42-b59db-1[0m stage [32mfrom-build-pack[0m and container [32mstep-place-tools[0m

Showing logs for build [32mcb-kubecd-environment-pr-198-42-b59db-1[0m stage [32mfrom-build-pack[0m and container [32mstep-git-source-cb-kubecd-environment-pr-198-42-b59db-7t6gn[0m
{"level":"warn","ts":1586525234.6022582,"logger":"fallback-logger","caller":"logging/config.go:69","msg":"Fetch GitHub commit ID from kodata failed: \"ref: refs/heads/0.8.0-**-support-backwards-incompats\" is not a valid GitHub commit ID"}
{"level":"info","ts":1586525235.7077906,"logger":"fallback-logger","caller":"git/git.go:103","msg":"Successfully cloned https://github.com/cb-kubecd/environment-pr-198-42-boot-vault-gke-staging.git @ master in path /workspace/source"}

Showing logs for build [32mcb-kubecd-environment-pr-198-42-b59db-1[0m stage [32mfrom-build-pack[0m and container [32mstep-git-merge[0m
Using SHAs from PULL_REFS=master:75a640732cc7045fdc7100a7a0f05c8b1a16201b,3:95519c34a2bee6851e8de42c89057e63e03208e5
DEBUG: LC_ALL=C JX_LOG_LEVEL=error git fetch origin --unshallow 95519c34a2bee6851e8de42c89057e63e03208e5: 75a640732cc7045fdc7100a7a0f05c8b1a16201b:
DEBUG: ran git fetch --unshallow origin 95519c34a2bee6851e8de42c89057e63e03208e5: 75a640732cc7045fdc7100a7a0f05c8b1a16201b: in 
DEBUG: LC_ALL=C JX_LOG_LEVEL=error git branch
DEBUG: JX_LOG_LEVEL=error LC_ALL=C git checkout master
DEBUG: ran git checkout master in 
DEBUG: LC_ALL=C JX_LOG_LEVEL=error git reset --hard 75a640732cc7045fdc7100a7a0f05c8b1a16201b
DEBUG: ran git reset --hard 75a640732cc7045fdc7100a7a0f05c8b1a16201b in 
DEBUG: LC_ALL=C JX_LOG_LEVEL=error git clean -fd .
DEBUG: ran clean --force -d . in 
DEBUG: LC_ALL=C JX_LOG_LEVEL=error git merge 95519c34a2bee6851e8de42c89057e63e03208e5
DEBUG: ran git merge 95519c34a2bee6851e8de42c89057e63e03208e5 in 
DEBUG: LC_ALL=C JX_LOG_LEVEL=error git log --format=%H%x1f%an%x1f%ae%x1f%cn%x1f%ce%x1f%s%n%b%x1e 75a640732cc7045fdc7100a7a0f05c8b1a16201b..HEAD
Merged SHA 95519c34a2bee6851e8de42c89057e63e03208e5 with commit message 'chore: Promote bdd-sbhg-1586523692 to version 0.0.1' into base branch master

Showing logs for build [32mcb-kubecd-environment-pr-198-42-b59db-1[0m stage [32mfrom-build-pack[0m and container [32mstep-build-helm-build[0m
WARNING: No $CHART_REPOSITORY defined so using the default value of: http://jenkins-x-chartmuseum:8080
Adding missing Helm repo: storage.googleapis.com https://storage.googleapis.com/chartmuseum.jenkins-x.io
WARNING: No secrets found on "helm/repos" due: reading the secret "helm/repos" from vault: no secret "helm/repos" not found in vault
Read credentials for https://storage.googleapis.com/chartmuseum.jenkins-x.io from vault helm/repos
Successfully added Helm repository storage.googleapis.com.
Adding missing Helm repo: jenkins-x-chartmuseum http://jenkins-x-chartmuseum:8080
WARNING: No secrets found on "helm/repos" due: reading the secret "helm/repos" from vault: no secret "helm/repos" not found in vault
Read credentials for http://jenkins-x-chartmuseum:8080 from vault helm/repos
Successfully added Helm repository jenkins-x-chartmuseum.
WARNING: No $CHART_REPOSITORY defined so using the default value of: http://jenkins-x-chartmuseum:8080
Adding missing Helm repo: chartmuseum.jenkins-x.io http://chartmuseum.jenkins-x.io
WARNING: No secrets found on "helm/repos" due: reading the secret "helm/repos" from vault: no secret "helm/repos" not found in vault
Read credentials for http://chartmuseum.jenkins-x.io from vault helm/repos
Successfully added Helm repository chartmuseum.jenkins-x.io.
